{
  "RSpec": {
    "coverage": {
      "/home/amey/TempProject/webdecore-api/config/environment.rb": [
        null,
        null,
        null,
        1,
        null,
        null,
        1
      ],
      "/home/amey/TempProject/webdecore-api/config/application.rb": [
        null,
        null,
        1,
        null,
        1,
        null,
        null,
        null,
        1,
        null,
        1,
        1,
        null,
        1,
        1,
        1,
        1,
        1,
        null,
        null,
        null,
        null,
        null,
        null,
        null,
        null
      ],
      "/home/amey/TempProject/webdecore-api/config/boot.rb": [
        null,
        null,
        1,
        null,
        1,
        1
      ],
      "/home/amey/TempProject/webdecore-api/config/environments/test.rb": [
        null,
        null,
        null,
        null,
        null,
        null,
        null,
        1,
        null,
        null,
        1,
        null,
        null,
        null,
        null,
        1,
        null,
        null,
        1,
        1,
        null,
        null,
        null,
        null,
        1,
        1,
        1,
        null,
        null,
        1,
        null,
        null,
        1,
        null,
        null,
        1,
        null,
        1,
        null,
        null,
        null,
        null,
        1,
        null,
        null,
        1,
        null,
        null,
        null,
        null
      ],
      "/home/amey/TempProject/webdecore-api/config/initializers/application_controller_renderer.rb": [
        null,
        null,
        null,
        null,
        null,
        null,
        null,
        null,
        null
      ],
      "/home/amey/TempProject/webdecore-api/config/initializers/assets.rb": [
        null,
        null,
        null,
        null,
        null,
        1,
        null,
        null,
        null,
        null,
        1,
        null,
        null,
        null,
        null,
        null
      ],
      "/home/amey/TempProject/webdecore-api/config/initializers/backtrace_silencers.rb": [
        null,
        null,
        null,
        null,
        null,
        null,
        null,
        null
      ],
      "/home/amey/TempProject/webdecore-api/config/initializers/content_security_policy.rb": [
        null,
        null,
        null,
        null,
        null,
        null,
        null,
        null,
        null,
        null,
        null,
        null,
        null,
        null,
        null,
        null,
        null,
        null,
        null,
        null,
        null,
        null,
        null,
        null,
        null,
        null,
        null,
        null,
        null,
        null,
        null
      ],
      "/home/amey/TempProject/webdecore-api/config/initializers/cookies_serializer.rb": [
        null,
        null,
        null,
        null,
        null,
        null,
        1
      ],
      "/home/amey/TempProject/webdecore-api/config/initializers/devise.rb": [
        null,
        null,
        null,
        null,
        1,
        null,
        null,
        null,
        null,
        null,
        null,
        null,
        null,
        null,
        null,
        null,
        null,
        null,
        null,
        null,
        1,
        null,
        null,
        null,
        null,
        null,
        null,
        null,
        null,
        null,
        null,
        null,
        1,
        null,
        null,
        null,
        null,
        null,
        null,
        null,
        null,
        null,
        null,
        null,
        null,
        null,
        null,
        null,
        null,
        null,
        null,
        null,
        null,
        null,
        1,
        null,
        null,
        null,
        null,
        1,
        null,
        null,
        null,
        null,
        null,
        null,
        null,
        null,
        null,
        null,
        null,
        null,
        null,
        null,
        null,
        null,
        null,
        null,
        null,
        null,
        null,
        null,
        null,
        null,
        null,
        null,
        null,
        null,
        null,
        null,
        1,
        null,
        null,
        null,
        null,
        null,
        null,
        null,
        null,
        null,
        null,
        null,
        null,
        null,
        null,
        null,
        null,
        null,
        null,
        null,
        null,
        null,
        null,
        1,
        null,
        null,
        null,
        null,
        null,
        null,
        null,
        null,
        null,
        null,
        null,
        null,
        null,
        null,
        null,
        null,
        null,
        null,
        null,
        null,
        null,
        null,
        null,
        null,
        null,
        null,
        null,
        null,
        null,
        null,
        null,
        null,
        null,
        1,
        null,
        null,
        null,
        null,
        null,
        null,
        null,
        null,
        null,
        1,
        null,
        null,
        null,
        null,
        null,
        null,
        null,
        null,
        null,
        null,
        1,
        null,
        null,
        null,
        null,
        1,
        null,
        null,
        null,
        null,
        null,
        null,
        null,
        null,
        null,
        null,
        null,
        null,
        null,
        null,
        null,
        null,
        null,
        null,
        null,
        null,
        null,
        null,
        null,
        null,
        null,
        null,
        null,
        null,
        null,
        null,
        null,
        null,
        null,
        null,
        null,
        null,
        null,
        null,
        null,
        null,
        1,
        null,
        null,
        null,
        null,
        null,
        null,
        null,
        null,
        null,
        null,
        null,
        null,
        null,
        null,
        null,
        null,
        null,
        null,
        null,
        null,
        null,
        null,
        null,
        null,
        null,
        null,
        null,
        null,
        null,
        null,
        null,
        null,
        null,
        null,
        null,
        null,
        null,
        null,
        null,
        null,
        null,
        1,
        null,
        null,
        null,
        null,
        null,
        null,
        null,
        null,
        null,
        null,
        null,
        null,
        null,
        null,
        null,
        null,
        null,
        null,
        null,
        null,
        null,
        null,
        null,
        null,
        null,
        null,
        null,
        null,
        null,
        null,
        null,
        null,
        null,
        null,
        null,
        null,
        null,
        null,
        null,
        null,
        null,
        null
      ],
      "/home/amey/TempProject/webdecore-api/config/initializers/filter_parameter_logging.rb": [
        null,
        null,
        null,
        null,
        null,
        1
      ],
      "/home/amey/TempProject/webdecore-api/config/initializers/inflections.rb": [
        null,
        null,
        null,
        null,
        null,
        null,
        null,
        null,
        null,
        null,
        null,
        null,
        null,
        null,
        null,
        null,
        null
      ],
      "/home/amey/TempProject/webdecore-api/config/initializers/mime_types.rb": [
        null,
        null,
        null,
        null,
        null
      ],
      "/home/amey/TempProject/webdecore-api/config/initializers/wrap_parameters.rb": [
        null,
        null,
        null,
        null,
        null,
        null,
        null,
        null,
        1,
        2,
        null,
        null,
        null,
        null,
        null,
        null
      ],
      "/home/amey/TempProject/webdecore-api/config/routes.rb": [
        null,
        null,
        1,
        null,
        1,
        1,
        1,
        1,
        null,
        null,
        1,
        1,
        1,
        1,
        null,
        1,
        1,
        null,
        1,
        1,
        null,
        null,
        null,
        1,
        1,
        1,
        1,
        null,
        null,
        null,
        null
      ],
      "/home/amey/TempProject/webdecore-api/app/models/user.rb": [
        null,
        null,
        1,
        1,
        null,
        null,
        1,
        null,
        1,
        1,
        1,
        null
      ],
      "/home/amey/TempProject/webdecore-api/app/models/application_record.rb": [
        null,
        null,
        1,
        1,
        null
      ],
      "/home/amey/TempProject/webdecore-api/app/helpers/animation_datas_helper.rb": [
        null,
        null,
        1,
        null
      ],
      "/home/amey/TempProject/webdecore-api/app/helpers/animations_helper.rb": [
        null,
        null,
        1,
        null
      ],
      "/home/amey/TempProject/webdecore-api/app/helpers/application_helper.rb": [
        null,
        null,
        1,
        null
      ],
      "/home/amey/TempProject/webdecore-api/app/helpers/categories_helper.rb": [
        null,
        null,
        1,
        null
      ],
      "/home/amey/TempProject/webdecore-api/app/helpers/dashboard_helper.rb": [
        null,
        null,
        1,
        null
      ],
      "/home/amey/TempProject/webdecore-api/app/helpers/demos_helper.rb": [
        1,
        null
      ],
      "/home/amey/TempProject/webdecore-api/app/helpers/themes_helper.rb": [
        1,
        null
      ],
      "/home/amey/TempProject/webdecore-api/app/helpers/user_helper.rb": [
        1,
        null
      ],
      "/home/amey/TempProject/webdecore-api/app/helpers/user_animations_helper.rb": [
        null,
        null,
        1,
        null
      ],
      "/home/amey/TempProject/webdecore-api/app/controllers/animation_datas_controller.rb": [
        null,
        null,
        1,
        1,
        0,
        null,
        null
      ],
      "/home/amey/TempProject/webdecore-api/app/controllers/application_controller.rb": [
        null,
        1,
        1,
        1,
        1,
        1,
        null,
        1,
        0,
        null,
        null,
        1,
        0,
        null,
        null,
        1,
        0,
        null,
        null,
        1,
        null,
        1,
        0,
        null,
        null,
        1,
        null,
        1,
        0,
        0,
        null,
        null
      ],
      "/home/amey/TempProject/webdecore-api/spec/controllers/categories_controller_spec.rb": [
        null,
        null,
        1,
        null,
        1,
        null
      ],
      "/home/amey/TempProject/webdecore-api/app/controllers/categories_controller.rb": [
        null,
        null,
        1,
        1,
        0,
        null,
        null,
        1,
        0,
        null,
        null,
        1,
        0,
        0,
        null,
        null,
        1,
        0,
        0,
        null,
        null,
        1,
        null,
        1,
        0,
        null,
        null
      ],
      "/home/amey/TempProject/webdecore-api/spec/controllers/demos_controller_spec.rb": [
        1,
        null,
        1,
        null,
        null
      ],
      "/home/amey/TempProject/webdecore-api/app/controllers/demos_controller.rb": [
        1,
        null,
        null
      ],
      "/home/amey/TempProject/webdecore-api/spec/helpers/animation_datas_helper_spec.rb": [
        null,
        null,
        1,
        null,
        null,
        null,
        null,
        null,
        null,
        null,
        null,
        null,
        null,
        null,
        1,
        1,
        null
      ],
      "/home/amey/TempProject/webdecore-api/spec/helpers/categories_helper_spec.rb": [
        null,
        null,
        1,
        null,
        null,
        null,
        null,
        null,
        null,
        null,
        null,
        null,
        null,
        null,
        1,
        1,
        null
      ],
      "/home/amey/TempProject/webdecore-api/spec/helpers/demos_helper_spec.rb": [
        1,
        null,
        null,
        null,
        null,
        null,
        null,
        null,
        null,
        null,
        null,
        null,
        1,
        1,
        null
      ],
      "/home/amey/TempProject/webdecore-api/spec/models/animation_datum_spec.rb": [
        null,
        null,
        1,
        1,
        null,
        1,
        1,
        5,
        null,
        1,
        1,
        1,
        null,
        null,
        1,
        1,
        1,
        null,
        null,
        1,
        1,
        1,
        null,
        null,
        1,
        1,
        1,
        null,
        null,
        1,
        1,
        1,
        null,
        null,
        null
      ],
      "/home/amey/TempProject/webdecore-api/spec/factories/animation_data.rb": [
        1,
        1,
        1,
        17,
        16,
        16,
        16,
        null,
        null
      ],
      "/home/amey/TempProject/webdecore-api/app/models/animation_data.rb": [
        null,
        null,
        1,
        1,
        1,
        1,
        1,
        1,
        null
      ],
      "/home/amey/TempProject/webdecore-api/app/uploaders/picture_uploader.rb": [
        null,
        null,
        1,
        null,
        null,
        null,
        null,
        null,
        1,
        null,
        null,
        null,
        null,
        1,
        24,
        null,
        null,
        null,
        null,
        null,
        null,
        null,
        null,
        null,
        null,
        null,
        null,
        null,
        null,
        null,
        null,
        null,
        null,
        null,
        null,
        null,
        null,
        null,
        null,
        null,
        null,
        null,
        null,
        null,
        null,
        null,
        null,
        null,
        null
      ],
      "/home/amey/TempProject/webdecore-api/spec/models/category_spec.rb": [
        null,
        null,
        1,
        1,
        null,
        1,
        1,
        4,
        null,
        1,
        1,
        1,
        null,
        null,
        1,
        1,
        1,
        null,
        null,
        1,
        1,
        1,
        null,
        null,
        1,
        1,
        1,
        null,
        null,
        null
      ],
      "/home/amey/TempProject/webdecore-api/spec/factories/categories.rb": [
        1,
        1,
        null,
        23,
        22,
        22,
        null,
        null
      ],
      "/home/amey/TempProject/webdecore-api/app/models/category.rb": [
        null,
        null,
        1,
        1,
        1,
        1,
        1,
        1,
        null,
        1,
        null
      ],
      "/home/amey/TempProject/webdecore-api/spec/models/user_animation_spec.rb": [
        1,
        1,
        null,
        1,
        1,
        5,
        null,
        1,
        1,
        1,
        null,
        null,
        1,
        1,
        1,
        null,
        null,
        1,
        1,
        1,
        null,
        null,
        1,
        1,
        1,
        null,
        null,
        1,
        1,
        1,
        null,
        null,
        null
      ],
      "/home/amey/TempProject/webdecore-api/spec/factories/user_animations.rb": [
        1,
        1,
        1,
        1,
        8,
        8,
        null,
        8,
        null,
        null
      ],
      "/home/amey/TempProject/webdecore-api/app/models/user_animation.rb": [
        null,
        null,
        1,
        1,
        1,
        1,
        null
      ],
      "/home/amey/TempProject/webdecore-api/spec/models/user_spec.rb": [
        1,
        1,
        null,
        1,
        1,
        4,
        null,
        1,
        1,
        1,
        null,
        null,
        1,
        1,
        1,
        null,
        null,
        1,
        1,
        1,
        null,
        null,
        1,
        1,
        1,
        null,
        null,
        null
      ],
      "/home/amey/TempProject/webdecore-api/spec/factories/users.rb": [
        1,
        1,
        15,
        15,
        14,
        14,
        15,
        null,
        null
      ]
    },
    "timestamp": 1581316435
  }
}
